Determining if the pthread_create exist failed with the following output:
Change Dir: /home/sajan/Desktop/project/example/build/CMakeFiles/CMakeTmp

Run Build Command:"/usr/bin/make" "cmTC_7f2fd/fast"
/usr/bin/make -f CMakeFiles/cmTC_7f2fd.dir/build.make CMakeFiles/cmTC_7f2fd.dir/build
make[1]: Entering directory '/home/sajan/Desktop/project/example/build/CMakeFiles/CMakeTmp'
Building C object CMakeFiles/cmTC_7f2fd.dir/CheckSymbolExists.c.o
/usr/bin/cc    -o CMakeFiles/cmTC_7f2fd.dir/CheckSymbolExists.c.o   -c /home/sajan/Desktop/project/example/build/CMakeFiles/CMakeTmp/CheckSymbolExists.c
Linking C executable cmTC_7f2fd
/usr/local/bin/cmake -E cmake_link_script CMakeFiles/cmTC_7f2fd.dir/link.txt --verbose=1
/usr/bin/cc      -rdynamic CMakeFiles/cmTC_7f2fd.dir/CheckSymbolExists.c.o  -o cmTC_7f2fd 
CMakeFiles/cmTC_7f2fd.dir/CheckSymbolExists.c.o: In function `main':
CheckSymbolExists.c:(.text+0x1b): undefined reference to `pthread_create'
collect2: error: ld returned 1 exit status
CMakeFiles/cmTC_7f2fd.dir/build.make:86: recipe for target 'cmTC_7f2fd' failed
make[1]: *** [cmTC_7f2fd] Error 1
make[1]: Leaving directory '/home/sajan/Desktop/project/example/build/CMakeFiles/CMakeTmp'
Makefile:121: recipe for target 'cmTC_7f2fd/fast' failed
make: *** [cmTC_7f2fd/fast] Error 2

File /home/sajan/Desktop/project/example/build/CMakeFiles/CMakeTmp/CheckSymbolExists.c:
/* */
#include <pthread.h>

int main(int argc, char** argv)
{
  (void)argv;
#ifndef pthread_create
  return ((int*)(&pthread_create))[argc];
#else
  (void)argc;
  return 0;
#endif
}

Determining if the function pthread_create exists in the pthreads failed with the following output:
Change Dir: /home/sajan/Desktop/project/example/build/CMakeFiles/CMakeTmp

Run Build Command:"/usr/bin/make" "cmTC_b922b/fast"
/usr/bin/make -f CMakeFiles/cmTC_b922b.dir/build.make CMakeFiles/cmTC_b922b.dir/build
make[1]: Entering directory '/home/sajan/Desktop/project/example/build/CMakeFiles/CMakeTmp'
Building C object CMakeFiles/cmTC_b922b.dir/CheckFunctionExists.c.o
/usr/bin/cc   -DCHECK_FUNCTION_EXISTS=pthread_create   -o CMakeFiles/cmTC_b922b.dir/CheckFunctionExists.c.o   -c /usr/local/share/cmake-3.12/Modules/CheckFunctionExists.c
Linking C executable cmTC_b922b
/usr/local/bin/cmake -E cmake_link_script CMakeFiles/cmTC_b922b.dir/link.txt --verbose=1
/usr/bin/cc  -DCHECK_FUNCTION_EXISTS=pthread_create    -rdynamic CMakeFiles/cmTC_b922b.dir/CheckFunctionExists.c.o  -o cmTC_b922b -lpthreads 
/usr/bin/x86_64-linux-gnu-ld: cannot find -lpthreads
collect2: error: ld returned 1 exit status
CMakeFiles/cmTC_b922b.dir/build.make:86: recipe for target 'cmTC_b922b' failed
make[1]: *** [cmTC_b922b] Error 1
make[1]: Leaving directory '/home/sajan/Desktop/project/example/build/CMakeFiles/CMakeTmp'
Makefile:121: recipe for target 'cmTC_b922b/fast' failed
make: *** [cmTC_b922b/fast] Error 2


